<?xml version="1.0" encoding="UTF-8"?>
<!-- Generated by org.testng.reporters.JUnitReportReporter -->
<testsuite hostname="---Ravan----" failures="0" tests="1" name="TestClass.Kite1" time="0.012" errors="0" timestamp="2022-04-02T14:32:50 IST" skipped="0">
  <testcase classname="TestClass.Kite1" name="f" time="0.012"/>
  <system-out/>
</testsuite> <!-- TestClass.Kite1 -->
